----------------------------------------------------------------
<<<<<<< HEAD
Wed Oct 04 19:16:26 MDT 2023:
Booting Derby version The Apache Software Foundation - Apache Derby - 10.10.1.3 - (1557168): instance a816c00e-018a-fd68-4fe7-00000f798fa8 
on database directory /Users/gavldac/GitHub/SQLTable/FirstDatabase with class loader jdk.internal.loader.ClassLoaders$AppClassLoader@2f0e140b 
Loaded from file:/Users/gavldac/GitHub/SQLTable/lib/derby.jar
java.vendor=Oracle Corporation
java.runtime.version=17.0.8+9-LTS-211
user.dir=/Users/gavldac/GitHub/SQLTable
os.name=Mac OS X
os.arch=x86_64
os.version=11.7.10
=======
Thu Oct 05 14:34:13 MDT 2023:
Booting Derby version The Apache Software Foundation - Apache Derby - 10.10.1.3 - (1557168): instance a816c00e-018b-018c-49db-00000f0a7430 
on database directory C:\Users\Bachl\git\SQLTable\FirstDatabase with class loader jdk.internal.loader.ClassLoaders$AppClassLoader@47fd17e3 
Loaded from file:/C:/Users/Bachl/git/SQLTable/lib/derby.jar
java.vendor=Eclipse Adoptium
java.runtime.version=17.0.7+7
user.dir=C:\Users\Bachl\git\SQLTable
os.name=Windows 11
os.arch=amd64
os.version=10.0
>>>>>>> pr/6
derby.system.home=null
Database Class Loader started - derby.database.classpath=''
